\BOOKMARK [1][-]{section*.1}{\376\377\000A\000b\000s\000t\000r\000a\000c\000t}{}% 1
\BOOKMARK [1][-]{section.1}{\376\377\0001\000\040\000I\000n\000t\000r\000o\000d\000u\000c\000t\000i\000o\000n}{}% 2
\BOOKMARK [2][-]{subsection.1.1}{\376\377\0001\000.\0001\000\040\000R\000e\000s\000e\000a\000r\000c\000h\000\040\000q\000u\000e\000s\000t\000i\000o\000n\000s}{section.1}% 3
\BOOKMARK [2][-]{subsection.1.2}{\376\377\0001\000.\0002\000\040\000I\000n\000v\000e\000s\000t\000m\000e\000n\000t\000s\000\040\000s\000h\000o\000u\000l\000d\000\040\000f\000a\000c\000i\000l\000i\000t\000a\000t\000e\000\040\000p\000o\000w\000e\000r\000\040\000f\000l\000e\000x\000i\000b\000i\000l\000i\000t\000y}{section.1}% 4
\BOOKMARK [2][-]{subsection.1.3}{\376\377\0001\000.\0003\000\040\000V\000a\000l\000u\000e\000\040\000s\000t\000r\000e\000a\000m\000s\000\040\000f\000r\000o\000m\000\040\000p\000o\000w\000e\000r\000\040\000f\000l\000e\000x\000i\000b\000i\000l\000i\000t\000y\000:\000\040\000F\000C\000R\000\040\000a\000n\000d\000\040\000m\000F\000R\000R}{section.1}% 5
\BOOKMARK [2][-]{subsection.1.4}{\376\377\0001\000.\0004\000\040\000L\000i\000t\000e\000r\000a\000t\000u\000r\000e\000\040\000r\000e\000v\000i\000e\000w}{section.1}% 6
\BOOKMARK [2][-]{subsection.1.5}{\376\377\0001\000.\0005\000\040\000O\000u\000r\000\040\000c\000o\000n\000t\000r\000i\000b\000u\000t\000i\000o\000n}{section.1}% 7
\BOOKMARK [1][-]{section.2}{\376\377\0002\000\040\000A\000d\000a\000p\000t\000i\000n\000g\000\040\000a\000\040\000s\000i\000n\000g\000l\000e\000-\000s\000t\000a\000t\000e\000\040\000i\000n\000d\000u\000s\000t\000r\000y\000\040\000p\000r\000o\000c\000e\000s\000s\000\040\000t\000o\000\040\000p\000r\000o\000v\000i\000d\000e\000\040\000f\000l\000e\000x\000i\000b\000i\000l\000i\000t\000y}{}% 8
\BOOKMARK [2][-]{subsection.2.1}{\376\377\0002\000.\0001\000\040\000C\000h\000a\000r\000a\000c\000t\000e\000r\000i\000z\000i\000n\000g\000\040\000a\000\040\000z\000i\000n\000c\000\040\000f\000u\000r\000n\000a\000c\000e\000\040\000a\000s\000\040\000a\000\040\000T\000C\000L}{section.2}% 9
\BOOKMARK [2][-]{subsection.2.2}{\376\377\0002\000.\0002\000\040\000F\000C\000R}{section.2}% 10
\BOOKMARK [2][-]{subsection.2.3}{\376\377\0002\000.\0003\000\040\000m\000F\000R\000R}{section.2}% 11
\BOOKMARK [1][-]{section.3}{\376\377\0003\000\040\000O\000p\000t\000i\000m\000i\000z\000a\000t\000i\000o\000n\000\040\000m\000o\000d\000e\000l\000s}{}% 12
\BOOKMARK [2][-]{subsection.3.1}{\376\377\0003\000.\0001\000\040\000F\000C\000R}{section.3}% 13
\BOOKMARK [2][-]{subsection.3.2}{\376\377\0003\000.\0002\000\040\000m\000F\000R\000R}{section.3}% 14
\BOOKMARK [1][-]{section.4}{\376\377\0004\000\040\000R\000e\000s\000u\000l\000t\000s\000\040\000a\000n\000d\000\040\000d\000i\000s\000c\000u\000s\000s\000i\000o\000n}{}% 15
\BOOKMARK [2][-]{subsection.4.1}{\376\377\0004\000.\0001\000\040\000W\000o\000r\000s\000t\000-\000c\000a\000s\000e\000\040\000d\000a\000y\000s}{section.4}% 16
\BOOKMARK [2][-]{subsection.4.2}{\376\377\0004\000.\0002\000\040\000C\000o\000n\000s\000t\000r\000a\000i\000n\000i\000n\000g\000\040\000t\000e\000m\000p\000e\000r\000a\000t\000u\000r\000e\000\040\000d\000e\000v\000i\000a\000t\000i\000o\000n}{section.4}% 17
\BOOKMARK [1][-]{section.5}{\376\377\0005\000\040\000C\000o\000n\000c\000l\000u\000s\000i\000o\000n}{}% 18
\BOOKMARK [1][-]{section*.14}{\376\377\000A\000c\000k\000n\000o\000w\000l\000e\000d\000g\000m\000e\000n\000t\000s}{}% 19
\BOOKMARK [1][-]{section*.16}{\376\377\000R\000e\000f\000e\000r\000e\000n\000c\000e\000s}{}% 20
\BOOKMARK [1][-]{appendix.A}{\376\377\000A\000\040\000P\000a\000r\000a\000m\000e\000t\000e\000r\000\040\000E\000s\000t\000i\000m\000a\000t\000i\000o\000n\000\040\000o\000f\000\040\000S\000t\000a\000t\000e\000-\000s\000p\000a\000c\000e\000\040\000M\000o\000d\000e\000l}{}% 21
\BOOKMARK [1][-]{appendix.B}{\376\377\000B\000\040\000S\000t\000e\000a\000d\000y\000-\000s\000t\000a\000t\000e\000\040\000S\000i\000m\000u\000l\000a\000t\000i\000o\000n\000\040\000o\000f\000\040\000S\000t\000a\000t\000e\000-\000s\000p\000a\000c\000e\000\040\000M\000o\000d\000e\000l}{}% 22
\BOOKMARK [1][-]{appendix.C}{\376\377\000C\000\040\000M\000a\000r\000k\000e\000t\000\040\000P\000r\000i\000c\000e\000s}{}% 23
\BOOKMARK [2][-]{subsection.C.1}{\376\377\000C\000.\0001\000\040\000F\000C\000R\000\040\000a\000n\000d\000\040\000s\000p\000o\000t\000\040\000p\000r\000i\000c\000e\000s}{appendix.C}% 24
\BOOKMARK [2][-]{subsection.C.2}{\376\377\000C\000.\0002\000\040\000m\000F\000R\000R\000\040\000p\000r\000i\000c\000e\000s}{appendix.C}% 25
